<?xml version="1.0" encoding="UTF-8"?>
<!-- Generated by org.testng.reporters.JUnitXMLReporter -->
<testsuite ignored="6" hostname="LAPTOP-BCHU3DJA" failures="0" tests="4" name="Test" time="88.396" errors="0" timestamp="2025-02-01T12:44:55 IST">
  <testcase classname="tests.testLoginPage" name="TC_002_Insurance_LoginPage" time="17.278"/>
  <testcase classname="tests.testRequestQoute" name="ValidateRequestQuotationPage" time="18.568"/>
  <testcase classname="tests.testHomePage" name="TC_003_Insurance_HomePage" time="15.869"/>
  <testcase classname="tests.testRegisterPage" name="TC_001_RegisterPage" time="6.704"/>
  <testcase classname="utilities.BaseTestCalss" name="@BeforeSuite setupReport" time="0.0">
    <ignored/>
  </testcase> <!-- @BeforeSuite setupReport -->
  <testcase classname="utilities.BaseTestCalss" name="@AfterSuite flushReportsAndOpen" time="0.0">
    <ignored/>
  </testcase> <!-- @AfterSuite flushReportsAndOpen -->
  <testcase classname="utilities.BaseTestCalss" name="@BeforeSuite setupReport" time="0.0">
    <ignored/>
  </testcase> <!-- @BeforeSuite setupReport -->
  <testcase classname="utilities.BaseTestCalss" name="@AfterSuite flushReportsAndOpen" time="0.0">
    <ignored/>
  </testcase> <!-- @AfterSuite flushReportsAndOpen -->
  <testcase classname="utilities.BaseTestCalss" name="@BeforeSuite setupReport" time="0.0">
    <ignored/>
  </testcase> <!-- @BeforeSuite setupReport -->
  <testcase classname="utilities.BaseTestCalss" name="@AfterSuite flushReportsAndOpen" time="0.0">
    <ignored/>
  </testcase> <!-- @AfterSuite flushReportsAndOpen -->
</testsuite> <!-- Test -->
